<?xml version="1.0" encoding="UTF-8"?>
<testsuite name="TestSomeThings"
           tests="2"
           failures="1"
           errors="0"
           skipped="0"
           time="4.179">
  <properties />
            <testcase name="TC_01_VerifyVideoTitleContainSearchValue" time="2.333" classname="Testcase">
                <failure type="java.lang.AssertionError"
                  message="expected [true] but found [false]"
              >
<![CDATA[java.lang.AssertionError: expected [true] but found [false]
  org.testng.Assert.fail(Assert.java:96)
  org.testng.Assert.failNotEquals(Assert.java:776)
  org.testng.Assert.assertTrue(Assert.java:44)
  org.testng.Assert.assertTrue(Assert.java:54)
  Testcase.TC_01_VerifyVideoTitleContainSearchValue(Testcase.java:27)
  java.base/jdk.internal.reflect.NativeMethodAccessorImpl.invoke0(Native Method)
  java.base/jdk.internal.reflect.NativeMethodAccessorImpl.invoke(NativeMethodAccessorImpl.java:77)
  java.base/jdk.internal.reflect.DelegatingMethodAccessorImpl.invoke(DelegatingMethodAccessorImpl.java:43)
  java.base/java.lang.reflect.Method.invoke(Method.java:568)
  org.testng.internal.MethodInvocationHelper.invokeMethod(MethodInvocationHelper.java:124)
  org.testng.internal.Invoker.invokeMethod(Invoker.java:583)
  org.testng.internal.Invoker.invokeTestMethod(Invoker.java:719)
  org.testng.internal.Invoker.invokeTestMethods(Invoker.java:989)
  org.testng.internal.TestMethodWorker.invokeTestMethods(TestMethodWorker.java:125)
  org.testng.internal.TestMethodWorker.run(TestMethodWorker.java:109)
  org.testng.TestRunner.privateRun(TestRunner.java:648)
  org.testng.TestRunner.run(TestRunner.java:505)
  org.testng.SuiteRunner.runTest(SuiteRunner.java:455)
  org.testng.SuiteRunner.access$000(SuiteRunner.java:40)
  org.testng.SuiteRunner$SuiteWorker.run(SuiteRunner.java:489)
  org.testng.internal.thread.ThreadUtil$1.call(ThreadUtil.java:52)
  java.base/java.util.concurrent.FutureTask.run$$$capture(FutureTask.java:264)
  java.base/java.util.concurrent.FutureTask.run(FutureTask.java)
  java.base/java.util.concurrent.ThreadPoolExecutor.runWorker(ThreadPoolExecutor.java:1136)
  java.base/java.util.concurrent.ThreadPoolExecutor$Worker.run(ThreadPoolExecutor.java:635)
  java.base/java.lang.Thread.run(Thread.java:842)
]]>
      </failure>

          </testcase>
  
  
            <testcase name="TC_02_VerifyVideoTitleContainSearchValue" time="1.846" classname="Testcase" />
      
</testsuite>
