<?xml version="1.0" encoding="UTF-8"?>
<!-- Generated by org.testng.reporters.JUnitXMLReporter -->
<testsuite ignored="0" hostname="DESKTOP-8M5NE0D" failures="1" tests="2" name="TestSomeThings" time="11.915" errors="0" timestamp="23 Mar 2025 18:58:30 GMT">
  <testcase classname="Testcase" name="TC_01_VerifyVideoTitleContainSearchValue" time="1.634">
    <failure type="java.lang.AssertionError" message="expected [true] but found [false]">
      <![CDATA[java.lang.AssertionError: expected [true] but found [false]
at Testcase.TC_01_VerifyVideoTitleContainSearchValue(Testcase.java:27)
at java.base/java.util.concurrent.FutureTask.run$$$capture(FutureTask.java:264)
at java.base/java.util.concurrent.FutureTask.run(FutureTask.java)
at --- Async.Stack.Trace --- (captured by IntelliJ IDEA debugger)
at java.base/java.util.concurrent.FutureTask.<init>(FutureTask.java:132)
at java.base/java.util.concurrent.AbstractExecutorService.newTaskFor(AbstractExecutorService.java:113)
at java.base/java.util.concurrent.AbstractExecutorService.invokeAll(AbstractExecutorService.java:274)
at com.intellij.rt.testng.IDEARemoteTestNG.run(IDEARemoteTestNG.java:65)
at com.intellij.rt.testng.RemoteTestNGStarter.main(RemoteTestNGStarter.java:105)
... Removed 30 stack frames]]>
    </failure>
  </testcase> <!-- TC_01_VerifyVideoTitleContainSearchValue -->
  <testcase classname="Testcase" name="TC_02_VerifyVideoTitleContainSearchValue" time="2.071"/>
</testsuite> <!-- TestSomeThings -->
